0.9170 	WARNING 	We strongly recommend you activate the PTB sound engine in PsychoPy prefs as the preferred audio engine. Its timing is vastly superior. Your prefs are currently set to use ['sounddevice', 'PTB', 'pyo', 'pygame'] (in that order).
5.8105 	WARNING 	User requested fullscreen with size [1440  900], but screen is actually [1280, 720]. Using actual size
6.6054 	EXP 	Created window1 = Window(allowGUI=False, allowStencil=False, autoLog=True, backendConf=UNKNOWN, bitsMode=UNKNOWN, blendMode='avg', bpc=(8, 8, 8), color=array([0, 0, 0]), colorSpace='rgb', depthBits=8, fullscr=<method-wrapper '__getattribute__' of attributeSetter object at 0x7fc0ef3e3ba8>, gamma=None, gammaErrorPolicy='raise', lms=UNKNOWN, monitor=<psychopy.monitors.calibTools.Monitor object at 0x7fc0eda79c88>, multiSample=False, name='window1', numSamples=2, pos=[320.0, 180.0], screen=0, size=array([2560, 1440]), stencilBits=0, stereo=False, units='height', useFBO=True, useRetina=True, viewOri=0.0, viewPos=None, viewScale=None, waitBlanking=True, winType='pyglet')
6.6056 	EXP 	window1: mouseVisible = True
6.6057 	EXP 	window1: recordFrameIntervals = False
6.6675 	EXP 	window1: recordFrameIntervals = True
6.7033 	WARNING 	t of last frame was 8.23ms (=1/121)
6.7425 	WARNING 	t of last frame was 8.36ms (=1/119)
6.8056 	WARNING 	t of last frame was 7.90ms (=1/126)
6.8682 	WARNING 	t of last frame was 8.55ms (=1/117)
6.9389 	WARNING 	Multiple dropped frames have occurred - I'll stop bothering you about them!
6.9765 	EXP 	window1: recordFrameIntervals = False
9.6299 	EXP 	Created text_3 = TextStim(__class__=<class 'psychopy.visual.text.TextStim'>, alignHoriz=method-wrapper(...), alignText='center', alignVert=method-wrapper(...), anchorHoriz='center', anchorVert='center', antialias=True, autoLog=True, bold=False, color=array([1., 1., 1.]), colorSpace='rgb', contrast=1.0, depth=0.0, flipHoriz=False, flipVert=False, font='Open Sans', fontFiles=[], height=0.1, italic=False, languageStyle='LTR', name='text_3', opacity=1, ori=0.0, pos=array([0., 0.]), rgb=UNKNOWN, text='Witaj w super badaniu. Wciśnij spację.', units='height', win=Window(...), wrapWidth=1)
10.1637 	EXP 	Created text = TextStim(__class__=<class 'psychopy.visual.text.TextStim'>, alignHoriz=method-wrapper(...), alignText='center', alignVert=method-wrapper(...), anchorHoriz='center', anchorVert='center', antialias=True, autoLog=True, bold=False, color=array([1., 1., 1.]), colorSpace='rgb', contrast=1.0, depth=0.0, flipHoriz=False, flipVert=False, font='Open Sans', fontFiles=[], height=0.1, italic=False, languageStyle='LTR', name='text', opacity=1, ori=0.0, pos=array([0., 0.]), rgb=UNKNOWN, text='Ziemniaki czy buraki?', units='height', win=Window(...), wrapWidth=1)
10.1878 	EXP 	window1: mouseVisible = True
10.1984 	EXP 	Created slider = Slider(__class__=<class 'psychopy.visual.slider.Slider'>, autoDraw=False, autoLog=True, borderColor=None, color=None, colorSpace='rgb', depth=-1, fillColor=None, flip=False, font='Open Sans', granularity=0.0, labelHeight=0.05, labelWrapWidth=None, labels=None, name='slider', opacity=None, pos=(0, -0.4), readOnly=False, self=UNKNOWN, size=(1.0, 0.1), startValue=None, style=method-wrapper(...), styleTweaks=method-wrapper(...), ticks=array([1, 2, 3, 4, 5]), units='height', win=Window(...))
10.2044 	EXP 	Created text_5 = TextStim(__class__=<class 'psychopy.visual.text.TextStim'>, alignHoriz=method-wrapper(...), alignText='center', alignVert=method-wrapper(...), anchorHoriz='center', anchorVert='center', antialias=True, autoLog=True, bold=False, color=array([1., 1., 1.]), colorSpace='rgb', contrast=1.0, depth=-2.0, flipHoriz=False, flipVert=False, font='Open Sans', fontFiles=[], height=0.1, italic=False, languageStyle='LTR', name='text_5', opacity=1, ori=0.0, pos=array([ 0. , -0.3]), rgb=UNKNOWN, text='', units='height', win=Window(...), wrapWidth=1)
10.2100 	EXP 	Created text_2 = TextStim(__class__=<class 'psychopy.visual.text.TextStim'>, alignHoriz=method-wrapper(...), alignText='center', alignVert=method-wrapper(...), anchorHoriz='center', anchorVert='center', antialias=True, autoLog=True, bold=False, color=array([1., 1., 1.]), colorSpace='rgb', contrast=1.0, depth=0.0, flipHoriz=False, flipVert=False, font='Open Sans', fontFiles=[], height=0.1, italic=False, languageStyle='LTR', name='text_2', opacity=1, ori=0.0, pos=array([0., 0.]), rgb=UNKNOWN, text='Super!', units='height', win=Window(...), wrapWidth=1)
10.2168 	EXP 	Created text_4 = TextStim(__class__=<class 'psychopy.visual.text.TextStim'>, alignHoriz=method-wrapper(...), alignText='center', alignVert=method-wrapper(...), anchorHoriz='center', anchorVert='center', antialias=True, autoLog=True, bold=False, color=array([1., 1., 1.]), colorSpace='rgb', contrast=1.0, depth=0.0, flipHoriz=False, flipVert=False, font='Open Sans', fontFiles=[], height=0.1, italic=False, languageStyle='LTR', name='text_4', opacity=1, ori=0.0, pos=array([0., 0.]), rgb=UNKNOWN, text='To koniec super badania:(', units='height', win=Window(...), wrapWidth=1)
10.2285 	EXP 	slider: autoLog = True
10.2285 	EXP 	slider: markerPos = None
10.2285 	EXP 	slider: rating = None
10.2285 	EXP 	slider: markerPos = None
10.2285 	EXP 	slider: contrast = 1.0
10.2285 	EXP 	slider: autoLog = True
10.2285 	EXP 	slider: styleTweaks = []
10.2285 	EXP 	slider: style = 'rating'
10.2285 	EXP 	slider: styleTweaks = []
10.2285 	EXP 	text_3: autoDraw = True
12.5758 	EXP 	Imported metoda.csv as conditions, 4 conditions, 1 params
12.5764 	EXP 	Created sequence: random, trialTypes=4, nReps=1, seed=None
12.5767 	EXP 	New trial (rep=0, index=0): OrderedDict([('menu', 'smażone')])
12.5927 	DATA 	Keypress: space
12.6123 	EXP 	text_3: autoDraw = False
12.6123 	EXP 	slider: markerPos = None
12.6123 	EXP 	slider: markerPos = None
12.6123 	EXP 	slider: rating = None
12.6123 	EXP 	text_5: text = 'smażone'
12.6123 	EXP 	text: autoDraw = True
12.6123 	EXP 	slider: autoDraw = True
12.6123 	EXP 	text_5: autoDraw = True
22.6226 	DATA 	Mouse: Left button down, pos=(461,73)
22.6428 	EXP 	slider: markerPos = 2.0055555555555555
22.6492 	DATA 	Mouse:  Left button up, pos=(461,73)
22.6557 	EXP 	slider: markerPos = 2.0055555555555555
22.6723 	EXP 	slider: markerPos = 2.0055555555555555
22.6723 	EXP 	slider: rating = 2.0055555555555555
22.6867 	EXP 	text: autoDraw = False
22.6867 	EXP 	slider: autoDraw = False
22.6867 	EXP 	text_5: autoDraw = False
22.6867 	EXP 	text_2: autoDraw = True
23.1842 	EXP 	New trial (rep=0, index=1): OrderedDict([('menu', 'grillowane')])
23.2078 	EXP 	text_2: autoDraw = False
23.2078 	EXP 	slider: markerPos = None
23.2078 	EXP 	slider: markerPos = None
23.2078 	EXP 	slider: rating = None
23.2078 	EXP 	text_5: text = 'grillowane'
23.2078 	EXP 	text: autoDraw = True
23.2078 	EXP 	slider: autoDraw = True
23.2078 	EXP 	text_5: autoDraw = True
24.0488 	DATA 	Mouse: Left button down, pos=(817,71)
24.0606 	EXP 	slider: markerPos = 3.9833333333333334
24.0743 	EXP 	slider: markerPos = 3.9833333333333334
24.0890 	EXP 	slider: markerPos = 3.9833333333333334
24.1033 	EXP 	slider: markerPos = 3.9833333333333334
24.1059 	DATA 	Mouse:  Left button up, pos=(817,71)
24.1169 	EXP 	slider: markerPos = 3.9833333333333334
24.1169 	EXP 	slider: rating = 3.9833333333333334
24.1296 	EXP 	text: autoDraw = False
24.1296 	EXP 	slider: autoDraw = False
24.1296 	EXP 	text_5: autoDraw = False
24.1296 	EXP 	text_2: autoDraw = True
24.6289 	EXP 	New trial (rep=0, index=2): OrderedDict([('menu', 'pieczone')])
24.6511 	EXP 	text_2: autoDraw = False
24.6511 	EXP 	slider: markerPos = None
24.6511 	EXP 	slider: markerPos = None
24.6511 	EXP 	slider: rating = None
24.6511 	EXP 	text_5: text = 'pieczone'
24.6511 	EXP 	text: autoDraw = True
24.6511 	EXP 	slider: autoDraw = True
24.6511 	EXP 	text_5: autoDraw = True
25.4784 	DATA 	Mouse: Left button down, pos=(273,76)
25.4980 	EXP 	slider: markerPos = 0.9500000000000002
25.5100 	EXP 	slider: markerPos = 0.9500000000000002
25.5254 	EXP 	slider: markerPos = 0.9500000000000002
25.5357 	DATA 	Mouse:  Left button up, pos=(271,76)
25.5411 	EXP 	slider: markerPos = 0.9500000000000002
25.5549 	EXP 	slider: markerPos = 1
25.5549 	EXP 	slider: rating = 1
25.5647 	EXP 	text: autoDraw = False
25.5647 	EXP 	slider: autoDraw = False
25.5647 	EXP 	text_5: autoDraw = False
25.5647 	EXP 	text_2: autoDraw = True
26.0602 	EXP 	New trial (rep=0, index=3): OrderedDict([('menu', 'gotowane')])
26.0807 	EXP 	text_2: autoDraw = False
26.0807 	EXP 	slider: markerPos = None
26.0807 	EXP 	slider: markerPos = None
26.0807 	EXP 	slider: rating = None
26.0807 	EXP 	text_5: text = 'gotowane'
26.0807 	EXP 	text: autoDraw = True
26.0807 	EXP 	slider: autoDraw = True
26.0807 	EXP 	text_5: autoDraw = True
26.6486 	DATA 	Mouse: Left button down, pos=(987,71)
26.6689 	EXP 	slider: markerPos = 4.933333333333334
26.6839 	EXP 	slider: markerPos = 4.933333333333334
26.6951 	EXP 	slider: markerPos = 4.933333333333334
26.7080 	EXP 	slider: markerPos = 4.933333333333334
26.7205 	EXP 	slider: markerPos = 4.933333333333334
26.7364 	EXP 	slider: markerPos = 4.933333333333334
26.7384 	DATA 	Mouse:  Left button up, pos=(988,71)
26.7497 	EXP 	slider: markerPos = 4.933333333333334
26.7497 	EXP 	slider: rating = 4.933333333333334
26.7616 	EXP 	text: autoDraw = False
26.7616 	EXP 	slider: autoDraw = False
26.7616 	EXP 	text_5: autoDraw = False
26.7616 	EXP 	text_2: autoDraw = True
27.2672 	EXP 	text_2: autoDraw = False
27.2672 	EXP 	text_4: autoDraw = True
28.2625 	EXP 	text_4: autoDraw = False
28.8163 	EXP 	window1: mouseVisible = True
